[ INFO ] [2020-05-18 09:30:03] com.dangdang.usercontroller.UsercontrollerApplication [55] - Starting UsercontrollerApplication on PC-20200331AHEJ with PID 5780 (D:\ad-sdk\usercontroller\target\classes started by Administrator in D:\ad-sdk\usercontroller)
[ INFO ] [2020-05-18 09:30:03] com.dangdang.usercontroller.UsercontrollerApplication [651] - No active profile set, falling back to default profiles: default
[ INFO ] [2020-05-18 09:30:04] org.springframework.data.repository.config.RepositoryConfigurationDelegate [249] - Multiple Spring Data modules found, entering strict repository configuration mode!
[ INFO ] [2020-05-18 09:30:04] org.springframework.data.repository.config.RepositoryConfigurationDelegate [127] - Bootstrapping Spring Data Redis repositories in DEFAULT mode.
[ INFO ] [2020-05-18 09:30:04] org.springframework.data.repository.config.RepositoryConfigurationDelegate [187] - Finished Spring Data repository scanning in 18ms. Found 0 Redis repository interfaces.
[ INFO ] [2020-05-18 09:30:05] org.springframework.boot.web.embedded.tomcat.TomcatWebServer [92] - Tomcat initialized with port(s): 8080 (http)
[ INFO ] [2020-05-18 09:30:05] org.apache.coyote.http11.Http11NioProtocol [173] - Initializing ProtocolHandler ["http-nio-8080"]
[ INFO ] [2020-05-18 09:30:05] org.apache.catalina.core.StandardService [173] - Starting service [Tomcat]
[ INFO ] [2020-05-18 09:30:05] org.apache.catalina.core.StandardEngine [173] - Starting Servlet engine: [Apache Tomcat/9.0.33]
[ INFO ] [2020-05-18 09:30:05] org.apache.catalina.core.ContainerBase.[Tomcat].[localhost].[/] [173] - Initializing Spring embedded WebApplicationContext
[ INFO ] [2020-05-18 09:30:05] org.springframework.web.context.ContextLoader [284] - Root WebApplicationContext: initialization completed in 1731 ms
[ INFO ] [2020-05-18 09:30:07] org.springframework.scheduling.concurrent.ThreadPoolTaskExecutor [181] - Initializing ExecutorService 'applicationTaskExecutor'
[ INFO ] [2020-05-18 09:30:07] org.apache.coyote.http11.Http11NioProtocol [173] - Starting ProtocolHandler ["http-nio-8080"]
[ INFO ] [2020-05-18 09:30:07] org.springframework.boot.web.embedded.tomcat.TomcatWebServer [204] - Tomcat started on port(s): 8080 (http) with context path ''
[ INFO ] [2020-05-18 09:30:07] com.dangdang.usercontroller.UsercontrollerApplication [61] - Started UsercontrollerApplication in 4.191 seconds (JVM running for 6.297)
[ INFO ] [2020-05-18 11:30:03] com.dangdang.usercontroller.UsercontrollerApplication [55] - Starting UsercontrollerApplication on PC-20200331AHEJ with PID 4980 (D:\ad-sdk\usercontroller\target\classes started by Administrator in D:\ad-sdk\usercontroller)
[ INFO ] [2020-05-18 11:30:03] com.dangdang.usercontroller.UsercontrollerApplication [651] - No active profile set, falling back to default profiles: default
[ INFO ] [2020-05-18 11:30:05] org.springframework.data.repository.config.RepositoryConfigurationDelegate [249] - Multiple Spring Data modules found, entering strict repository configuration mode!
[ INFO ] [2020-05-18 11:30:05] org.springframework.data.repository.config.RepositoryConfigurationDelegate [127] - Bootstrapping Spring Data Redis repositories in DEFAULT mode.
[ INFO ] [2020-05-18 11:30:05] org.springframework.data.repository.config.RepositoryConfigurationDelegate [187] - Finished Spring Data repository scanning in 26ms. Found 0 Redis repository interfaces.
[ INFO ] [2020-05-18 11:30:05] org.springframework.boot.web.embedded.tomcat.TomcatWebServer [92] - Tomcat initialized with port(s): 8080 (http)
[ INFO ] [2020-05-18 11:30:05] org.apache.coyote.http11.Http11NioProtocol [173] - Initializing ProtocolHandler ["http-nio-8080"]
[ INFO ] [2020-05-18 11:30:05] org.apache.catalina.core.StandardService [173] - Starting service [Tomcat]
[ INFO ] [2020-05-18 11:30:05] org.apache.catalina.core.StandardEngine [173] - Starting Servlet engine: [Apache Tomcat/9.0.33]
[ INFO ] [2020-05-18 11:30:06] org.apache.catalina.core.ContainerBase.[Tomcat].[localhost].[/] [173] - Initializing Spring embedded WebApplicationContext
[ INFO ] [2020-05-18 11:30:06] org.springframework.web.context.ContextLoader [284] - Root WebApplicationContext: initialization completed in 2114 ms
[ INFO ] [2020-05-18 11:30:07] org.springframework.scheduling.concurrent.ThreadPoolTaskExecutor [181] - Initializing ExecutorService 'applicationTaskExecutor'
[ INFO ] [2020-05-18 11:30:08] org.apache.coyote.http11.Http11NioProtocol [173] - Starting ProtocolHandler ["http-nio-8080"]
[ INFO ] [2020-05-18 11:30:08] org.springframework.boot.web.embedded.tomcat.TomcatWebServer [204] - Tomcat started on port(s): 8080 (http) with context path ''
[ INFO ] [2020-05-18 11:30:08] com.dangdang.usercontroller.UsercontrollerApplication [61] - Started UsercontrollerApplication in 4.915 seconds (JVM running for 5.93)
[ INFO ] [2020-05-18 11:30:24] org.apache.catalina.core.ContainerBase.[Tomcat].[localhost].[/] [173] - Initializing Spring DispatcherServlet 'dispatcherServlet'
[ INFO ] [2020-05-18 11:30:24] org.springframework.web.servlet.DispatcherServlet [525] - Initializing Servlet 'dispatcherServlet'
[ INFO ] [2020-05-18 11:30:24] org.springframework.web.servlet.DispatcherServlet [547] - Completed initialization in 8 ms
[ INFO ] [2020-05-18 11:30:24] com.zaxxer.hikari.HikariDataSource [110] - HikariPool-1 - Starting...
[ INFO ] [2020-05-18 11:30:25] com.zaxxer.hikari.HikariDataSource [123] - HikariPool-1 - Start completed.
