[ INFO ] [2020-05-07 09:04:26] org.springframework.boot.test.context.SpringBootTestContextBootstrapper [308] - Neither @ContextConfiguration nor @ContextHierarchy found for test class [com.dangdang.usercontroller.UsercontrollerApplicationTests], using SpringBootContextLoader
[ INFO ] [2020-05-07 09:04:26] org.springframework.test.context.support.AbstractContextLoader [264] - Could not detect default resource locations for test class [com.dangdang.usercontroller.UsercontrollerApplicationTests]: no resource found for suffixes {-context.xml, Context.groovy}.
[ INFO ] [2020-05-07 09:04:26] org.springframework.test.context.support.AnnotationConfigContextLoaderUtils [83] - Could not detect default configuration classes for test class [com.dangdang.usercontroller.UsercontrollerApplicationTests]: UsercontrollerApplicationTests does not declare any static, non-private, non-final, nested classes annotated with @Configuration.
[ INFO ] [2020-05-07 09:04:27] org.springframework.boot.test.context.SpringBootTestContextBootstrapper [235] - Found @SpringBootConfiguration com.dangdang.usercontroller.UsercontrollerApplication for test class com.dangdang.usercontroller.UsercontrollerApplicationTests
[ INFO ] [2020-05-07 09:04:27] org.springframework.boot.test.context.SpringBootTestContextBootstrapper [248] - Loaded default TestExecutionListener class names from location [META-INF/spring.factories]: [org.springframework.boot.test.mock.mockito.MockitoTestExecutionListener, org.springframework.boot.test.mock.mockito.ResetMocksTestExecutionListener, org.springframework.boot.test.autoconfigure.restdocs.RestDocsTestExecutionListener, org.springframework.boot.test.autoconfigure.web.client.MockRestServiceServerResetTestExecutionListener, org.springframework.boot.test.autoconfigure.web.servlet.MockMvcPrintOnlyOnFailureTestExecutionListener, org.springframework.boot.test.autoconfigure.web.servlet.WebDriverTestExecutionListener, org.springframework.test.context.web.ServletTestExecutionListener, org.springframework.test.context.support.DirtiesContextBeforeModesTestExecutionListener, org.springframework.test.context.support.DependencyInjectionTestExecutionListener, org.springframework.test.context.support.DirtiesContextTestExecutionListener, org.springframework.test.context.transaction.TransactionalTestExecutionListener, org.springframework.test.context.jdbc.SqlScriptsTestExecutionListener, org.springframework.test.context.event.EventPublishingTestExecutionListener]
[ INFO ] [2020-05-07 09:04:27] org.springframework.boot.test.context.SpringBootTestContextBootstrapper [177] - Using TestExecutionListeners: [org.springframework.test.context.web.ServletTestExecutionListener@14bdbc74, org.springframework.test.context.support.DirtiesContextBeforeModesTestExecutionListener@12591ac8, org.springframework.boot.test.mock.mockito.MockitoTestExecutionListener@5a7fe64f, org.springframework.boot.test.autoconfigure.SpringBootDependencyInjectionTestExecutionListener@38145825, org.springframework.test.context.support.DirtiesContextTestExecutionListener@41330d4f, org.springframework.test.context.transaction.TransactionalTestExecutionListener@1b66c0fb, org.springframework.test.context.jdbc.SqlScriptsTestExecutionListener@3e0e1046, org.springframework.test.context.event.EventPublishingTestExecutionListener@24c1b2d2, org.springframework.boot.test.mock.mockito.ResetMocksTestExecutionListener@7dc19a70, org.springframework.boot.test.autoconfigure.restdocs.RestDocsTestExecutionListener@508dec2b, org.springframework.boot.test.autoconfigure.web.client.MockRestServiceServerResetTestExecutionListener@1e4f4a5c, org.springframework.boot.test.autoconfigure.web.servlet.MockMvcPrintOnlyOnFailureTestExecutionListener@37313c65, org.springframework.boot.test.autoconfigure.web.servlet.WebDriverTestExecutionListener@465232e9]
[ INFO ] [2020-05-07 09:04:28] com.dangdang.usercontroller.UsercontrollerApplicationTests [55] - Starting UsercontrollerApplicationTests on PC-20200331AHEJ with PID 8768 (started by Administrator in D:\workspace\qudiandian\usercontroller)
[ INFO ] [2020-05-07 09:04:28] com.dangdang.usercontroller.UsercontrollerApplicationTests [651] - No active profile set, falling back to default profiles: default
[ INFO ] [2020-05-07 09:04:29] org.springframework.data.repository.config.RepositoryConfigurationDelegate [249] - Multiple Spring Data modules found, entering strict repository configuration mode!
[ INFO ] [2020-05-07 09:04:29] org.springframework.data.repository.config.RepositoryConfigurationDelegate [127] - Bootstrapping Spring Data Redis repositories in DEFAULT mode.
[ INFO ] [2020-05-07 09:04:29] org.springframework.data.repository.config.RepositoryConfigurationDelegate [187] - Finished Spring Data repository scanning in 19ms. Found 0 Redis repository interfaces.
[ INFO ] [2020-05-07 09:04:32] org.springframework.scheduling.concurrent.ThreadPoolTaskExecutor [181] - Initializing ExecutorService 'applicationTaskExecutor'
[ INFO ] [2020-05-07 09:04:32] com.dangdang.usercontroller.UsercontrollerApplicationTests [61] - Started UsercontrollerApplicationTests in 4.615 seconds (JVM running for 6.752)
[ INFO ] [2020-05-07 09:04:32] io.lettuce.core.EpollProvider [68] - Starting without optional epoll library
[ INFO ] [2020-05-07 09:04:32] io.lettuce.core.KqueueProvider [70] - Starting without optional kqueue library
[ INFO ] [2020-05-07 09:04:33] org.springframework.scheduling.concurrent.ThreadPoolTaskExecutor [218] - Shutting down ExecutorService 'applicationTaskExecutor'
[ INFO ] [2020-05-07 09:06:00] com.dangdang.usercontroller.UsercontrollerApplication [55] - Starting UsercontrollerApplication on PC-20200331AHEJ with PID 8908 (D:\workspace\qudiandian\usercontroller\target\classes started by Administrator in D:\workspace\qudiandian\usercontroller)
[ INFO ] [2020-05-07 09:06:00] com.dangdang.usercontroller.UsercontrollerApplication [651] - No active profile set, falling back to default profiles: default
[ INFO ] [2020-05-07 09:06:00] org.springframework.data.repository.config.RepositoryConfigurationDelegate [249] - Multiple Spring Data modules found, entering strict repository configuration mode!
[ INFO ] [2020-05-07 09:06:00] org.springframework.data.repository.config.RepositoryConfigurationDelegate [127] - Bootstrapping Spring Data Redis repositories in DEFAULT mode.
[ INFO ] [2020-05-07 09:06:01] org.springframework.data.repository.config.RepositoryConfigurationDelegate [187] - Finished Spring Data repository scanning in 11ms. Found 0 Redis repository interfaces.
[ INFO ] [2020-05-07 09:06:01] org.springframework.boot.web.embedded.tomcat.TomcatWebServer [92] - Tomcat initialized with port(s): 8080 (http)
[ INFO ] [2020-05-07 09:06:01] org.apache.coyote.http11.Http11NioProtocol [173] - Initializing ProtocolHandler ["http-nio-8080"]
[ INFO ] [2020-05-07 09:06:01] org.apache.catalina.core.StandardService [173] - Starting service [Tomcat]
[ INFO ] [2020-05-07 09:06:01] org.apache.catalina.core.StandardEngine [173] - Starting Servlet engine: [Apache Tomcat/9.0.33]
[ INFO ] [2020-05-07 09:06:01] org.apache.catalina.core.ContainerBase.[Tomcat].[localhost].[/] [173] - Initializing Spring embedded WebApplicationContext
[ INFO ] [2020-05-07 09:06:01] org.springframework.web.context.ContextLoader [284] - Root WebApplicationContext: initialization completed in 1171 ms
[ INFO ] [2020-05-07 09:06:02] org.springframework.scheduling.concurrent.ThreadPoolTaskExecutor [181] - Initializing ExecutorService 'applicationTaskExecutor'
[ INFO ] [2020-05-07 09:06:02] org.apache.coyote.http11.Http11NioProtocol [173] - Starting ProtocolHandler ["http-nio-8080"]
[ INFO ] [2020-05-07 09:06:02] org.springframework.boot.web.embedded.tomcat.TomcatWebServer [204] - Tomcat started on port(s): 8080 (http) with context path ''
[ INFO ] [2020-05-07 09:06:02] com.dangdang.usercontroller.UsercontrollerApplication [61] - Started UsercontrollerApplication in 3.033 seconds (JVM running for 3.929)
[ INFO ] [2020-05-07 09:07:20] org.apache.catalina.core.ContainerBase.[Tomcat].[localhost].[/] [173] - Initializing Spring DispatcherServlet 'dispatcherServlet'
[ INFO ] [2020-05-07 09:07:20] org.springframework.web.servlet.DispatcherServlet [525] - Initializing Servlet 'dispatcherServlet'
[ INFO ] [2020-05-07 09:07:20] org.springframework.web.servlet.DispatcherServlet [547] - Completed initialization in 6 ms
[ INFO ] [2020-05-07 09:07:21] io.lettuce.core.EpollProvider [68] - Starting without optional epoll library
[ INFO ] [2020-05-07 09:07:21] io.lettuce.core.KqueueProvider [70] - Starting without optional kqueue library
[ INFO ] [2020-05-07 09:09:03] com.dangdang.usercontroller.UsercontrollerApplication [55] - Starting UsercontrollerApplication on PC-20200331AHEJ with PID 11308 (D:\workspace\qudiandian\usercontroller\target\classes started by Administrator in D:\workspace\qudiandian\usercontroller)
[ INFO ] [2020-05-07 09:09:03] com.dangdang.usercontroller.UsercontrollerApplication [651] - No active profile set, falling back to default profiles: default
[ INFO ] [2020-05-07 09:09:04] org.springframework.data.repository.config.RepositoryConfigurationDelegate [249] - Multiple Spring Data modules found, entering strict repository configuration mode!
[ INFO ] [2020-05-07 09:09:04] org.springframework.data.repository.config.RepositoryConfigurationDelegate [127] - Bootstrapping Spring Data Redis repositories in DEFAULT mode.
[ INFO ] [2020-05-07 09:09:04] org.springframework.data.repository.config.RepositoryConfigurationDelegate [187] - Finished Spring Data repository scanning in 16ms. Found 0 Redis repository interfaces.
[ INFO ] [2020-05-07 09:09:04] org.springframework.boot.web.embedded.tomcat.TomcatWebServer [92] - Tomcat initialized with port(s): 8080 (http)
[ INFO ] [2020-05-07 09:09:04] org.apache.coyote.http11.Http11NioProtocol [173] - Initializing ProtocolHandler ["http-nio-8080"]
[ INFO ] [2020-05-07 09:09:04] org.apache.catalina.core.StandardService [173] - Starting service [Tomcat]
[ INFO ] [2020-05-07 09:09:04] org.apache.catalina.core.StandardEngine [173] - Starting Servlet engine: [Apache Tomcat/9.0.33]
[ INFO ] [2020-05-07 09:09:05] org.apache.catalina.core.ContainerBase.[Tomcat].[localhost].[/] [173] - Initializing Spring embedded WebApplicationContext
[ INFO ] [2020-05-07 09:09:05] org.springframework.web.context.ContextLoader [284] - Root WebApplicationContext: initialization completed in 1331 ms
[ INFO ] [2020-05-07 09:09:05] org.springframework.scheduling.concurrent.ThreadPoolTaskExecutor [181] - Initializing ExecutorService 'applicationTaskExecutor'
[ INFO ] [2020-05-07 09:09:06] org.apache.coyote.http11.Http11NioProtocol [173] - Starting ProtocolHandler ["http-nio-8080"]
[ INFO ] [2020-05-07 09:09:06] org.springframework.boot.web.embedded.tomcat.TomcatWebServer [204] - Tomcat started on port(s): 8080 (http) with context path ''
[ INFO ] [2020-05-07 09:09:06] com.dangdang.usercontroller.UsercontrollerApplication [61] - Started UsercontrollerApplication in 2.81 seconds (JVM running for 3.77)
[ INFO ] [2020-05-07 09:09:10] org.apache.catalina.core.ContainerBase.[Tomcat].[localhost].[/] [173] - Initializing Spring DispatcherServlet 'dispatcherServlet'
[ INFO ] [2020-05-07 09:09:10] org.springframework.web.servlet.DispatcherServlet [525] - Initializing Servlet 'dispatcherServlet'
[ INFO ] [2020-05-07 09:09:10] org.springframework.web.servlet.DispatcherServlet [547] - Completed initialization in 8 ms
[ INFO ] [2020-05-07 09:09:11] io.lettuce.core.EpollProvider [68] - Starting without optional epoll library
[ INFO ] [2020-05-07 09:09:11] io.lettuce.core.KqueueProvider [70] - Starting without optional kqueue library
[ INFO ] [2020-05-07 09:10:16] com.zaxxer.hikari.HikariDataSource [110] - HikariPool-1 - Starting...
[ INFO ] [2020-05-07 09:10:17] com.zaxxer.hikari.HikariDataSource [123] - HikariPool-1 - Start completed.
[ DEBUG] [2020-05-07 09:10:17] com.dangdang.usercontroller.mapper.AdAllocationMapper.selAppAd [143] - ==>  Preparing: select * from ad_table where app_num = ? and status = 0 
[ DEBUG] [2020-05-07 09:10:17] com.dangdang.usercontroller.mapper.AdAllocationMapper.selAppAd [143] - ==> Parameters: 100(Integer)
[ DEBUG] [2020-05-07 09:10:17] com.dangdang.usercontroller.mapper.AdAllocationMapper.selAppAd [143] - <==      Total: 3
[ WARN ] [2020-05-07 09:39:07] com.zaxxer.hikari.pool.PoolBase [180] - HikariPool-1 - Failed to validate connection com.mysql.jdbc.JDBC4Connection@58d08b7a (No operations allowed after connection closed.). Possibly consider using a shorter maxLifetime value.
[ WARN ] [2020-05-07 09:39:12] com.zaxxer.hikari.pool.PoolBase [180] - HikariPool-1 - Failed to validate connection com.mysql.jdbc.JDBC4Connection@595a29a3 (No operations allowed after connection closed.). Possibly consider using a shorter maxLifetime value.
[ WARN ] [2020-05-07 09:39:17] com.zaxxer.hikari.pool.PoolBase [180] - HikariPool-1 - Failed to validate connection com.mysql.jdbc.JDBC4Connection@1c3017c9 (No operations allowed after connection closed.). Possibly consider using a shorter maxLifetime value.
[ WARN ] [2020-05-07 09:39:22] com.zaxxer.hikari.pool.PoolBase [180] - HikariPool-1 - Failed to validate connection com.mysql.jdbc.JDBC4Connection@1666259c (No operations allowed after connection closed.). Possibly consider using a shorter maxLifetime value.
[ WARN ] [2020-05-07 09:39:27] com.zaxxer.hikari.pool.PoolBase [180] - HikariPool-1 - Failed to validate connection com.mysql.jdbc.JDBC4Connection@740bb00e (No operations allowed after connection closed.). Possibly consider using a shorter maxLifetime value.
[ WARN ] [2020-05-07 09:39:32] com.zaxxer.hikari.pool.PoolBase [180] - HikariPool-1 - Failed to validate connection com.mysql.jdbc.JDBC4Connection@68196f19 (No operations allowed after connection closed.). Possibly consider using a shorter maxLifetime value.
[ WARN ] [2020-05-07 09:39:55] com.zaxxer.hikari.pool.PoolBase [180] - HikariPool-1 - Failed to validate connection com.mysql.jdbc.JDBC4Connection@6a00cd60 (No operations allowed after connection closed.). Possibly consider using a shorter maxLifetime value.
[ WARN ] [2020-05-07 09:40:00] com.zaxxer.hikari.pool.PoolBase [180] - HikariPool-1 - Failed to validate connection com.mysql.jdbc.JDBC4Connection@3cd2d987 (No operations allowed after connection closed.). Possibly consider using a shorter maxLifetime value.
[ WARN ] [2020-05-07 09:40:05] com.zaxxer.hikari.pool.PoolBase [180] - HikariPool-1 - Failed to validate connection com.mysql.jdbc.JDBC4Connection@77199b6e (No operations allowed after connection closed.). Possibly consider using a shorter maxLifetime value.
[ DEBUG] [2020-05-07 09:40:05] com.dangdang.usercontroller.mapper.AdAllocationMapper.selAppAd [143] - ==>  Preparing: select * from ad_table where app_num = ? and status = 0 
[ DEBUG] [2020-05-07 09:40:05] com.dangdang.usercontroller.mapper.AdAllocationMapper.selAppAd [143] - ==> Parameters: 100(Integer)
[ DEBUG] [2020-05-07 09:40:05] com.dangdang.usercontroller.mapper.AdAllocationMapper.selAppAd [143] - <==      Total: 3
[ DEBUG] [2020-05-07 09:40:54] com.dangdang.usercontroller.mapper.AdAllocationMapper.selAppAd [143] - ==>  Preparing: select * from ad_table where app_num = ? and status = 0 
[ DEBUG] [2020-05-07 09:40:54] com.dangdang.usercontroller.mapper.AdAllocationMapper.selAppAd [143] - ==> Parameters: 100(Integer)
[ DEBUG] [2020-05-07 09:40:54] com.dangdang.usercontroller.mapper.AdAllocationMapper.selAppAd [143] - <==      Total: 3
[ INFO ] [2020-05-07 09:45:23] com.dangdang.usercontroller.UsercontrollerApplication [55] - Starting UsercontrollerApplication on PC-20200331AHEJ with PID 9712 (D:\workspace\qudiandian\usercontroller\target\classes started by Administrator in D:\workspace\qudiandian\usercontroller)
[ INFO ] [2020-05-07 09:45:23] com.dangdang.usercontroller.UsercontrollerApplication [651] - No active profile set, falling back to default profiles: default
[ INFO ] [2020-05-07 09:45:23] org.springframework.data.repository.config.RepositoryConfigurationDelegate [249] - Multiple Spring Data modules found, entering strict repository configuration mode!
[ INFO ] [2020-05-07 09:45:23] org.springframework.data.repository.config.RepositoryConfigurationDelegate [127] - Bootstrapping Spring Data Redis repositories in DEFAULT mode.
[ INFO ] [2020-05-07 09:45:23] org.springframework.data.repository.config.RepositoryConfigurationDelegate [187] - Finished Spring Data repository scanning in 23ms. Found 0 Redis repository interfaces.
[ INFO ] [2020-05-07 09:45:24] org.springframework.boot.web.embedded.tomcat.TomcatWebServer [92] - Tomcat initialized with port(s): 8080 (http)
[ INFO ] [2020-05-07 09:45:24] org.apache.coyote.http11.Http11NioProtocol [173] - Initializing ProtocolHandler ["http-nio-8080"]
[ INFO ] [2020-05-07 09:45:24] org.apache.catalina.core.StandardService [173] - Starting service [Tomcat]
[ INFO ] [2020-05-07 09:45:24] org.apache.catalina.core.StandardEngine [173] - Starting Servlet engine: [Apache Tomcat/9.0.33]
[ INFO ] [2020-05-07 09:45:24] org.apache.catalina.core.ContainerBase.[Tomcat].[localhost].[/] [173] - Initializing Spring embedded WebApplicationContext
[ INFO ] [2020-05-07 09:45:24] org.springframework.web.context.ContextLoader [284] - Root WebApplicationContext: initialization completed in 1468 ms
[ INFO ] [2020-05-07 09:45:25] org.springframework.scheduling.concurrent.ThreadPoolTaskExecutor [181] - Initializing ExecutorService 'applicationTaskExecutor'
[ INFO ] [2020-05-07 09:45:26] org.apache.coyote.http11.Http11NioProtocol [173] - Starting ProtocolHandler ["http-nio-8080"]
[ INFO ] [2020-05-07 09:45:26] org.springframework.boot.web.embedded.tomcat.TomcatWebServer [204] - Tomcat started on port(s): 8080 (http) with context path ''
[ INFO ] [2020-05-07 09:45:26] com.dangdang.usercontroller.UsercontrollerApplication [61] - Started UsercontrollerApplication in 3.579 seconds (JVM running for 4.377)
[ INFO ] [2020-05-07 09:45:48] org.apache.catalina.core.ContainerBase.[Tomcat].[localhost].[/] [173] - Initializing Spring DispatcherServlet 'dispatcherServlet'
[ INFO ] [2020-05-07 09:45:48] org.springframework.web.servlet.DispatcherServlet [525] - Initializing Servlet 'dispatcherServlet'
[ INFO ] [2020-05-07 09:45:48] org.springframework.web.servlet.DispatcherServlet [547] - Completed initialization in 6 ms
[ INFO ] [2020-05-07 09:45:48] io.lettuce.core.EpollProvider [68] - Starting without optional epoll library
[ INFO ] [2020-05-07 09:45:48] io.lettuce.core.KqueueProvider [70] - Starting without optional kqueue library
[ INFO ] [2020-05-07 09:45:49] com.zaxxer.hikari.HikariDataSource [110] - HikariPool-1 - Starting...
[ INFO ] [2020-05-07 09:45:49] com.zaxxer.hikari.HikariDataSource [123] - HikariPool-1 - Start completed.
[ DEBUG] [2020-05-07 09:45:49] com.dangdang.usercontroller.mapper.AdAllocationMapper.selAppAd [143] - ==>  Preparing: select * from ad_table where package_name = ? and status = 0 
[ DEBUG] [2020-05-07 09:45:49] com.dangdang.usercontroller.mapper.AdAllocationMapper.selAppAd [143] - ==> Parameters: null
[ DEBUG] [2020-05-07 09:45:49] com.dangdang.usercontroller.mapper.AdAllocationMapper.selAppAd [143] - <==      Total: 0
[ ERROR] [2020-05-07 09:45:49] com.dangdang.usercontroller.service.impl.AdAllocationServiceImpl [73] - 获取随机广告异常
[ DEBUG] [2020-05-07 09:46:50] com.dangdang.usercontroller.mapper.AdAllocationMapper.selAppAd [143] - ==>  Preparing: select * from ad_table where package_name = ? and status = 0 
[ DEBUG] [2020-05-07 09:46:50] com.dangdang.usercontroller.mapper.AdAllocationMapper.selAppAd [143] - ==> Parameters: 100(String)
[ DEBUG] [2020-05-07 09:46:50] com.dangdang.usercontroller.mapper.AdAllocationMapper.selAppAd [143] - <==      Total: 3
[ WARN ] [2020-05-07 10:10:42] com.zaxxer.hikari.pool.PoolBase [180] - HikariPool-1 - Failed to validate connection com.mysql.jdbc.JDBC4Connection@6032662a (No operations allowed after connection closed.). Possibly consider using a shorter maxLifetime value.
[ WARN ] [2020-05-07 10:10:47] com.zaxxer.hikari.pool.PoolBase [180] - HikariPool-1 - Failed to validate connection com.mysql.jdbc.JDBC4Connection@7488ffc2 (No operations allowed after connection closed.). Possibly consider using a shorter maxLifetime value.
[ WARN ] [2020-05-07 10:10:52] com.zaxxer.hikari.pool.PoolBase [180] - HikariPool-1 - Failed to validate connection com.mysql.jdbc.JDBC4Connection@6f341d1d (No operations allowed after connection closed.). Possibly consider using a shorter maxLifetime value.
[ WARN ] [2020-05-07 10:10:57] com.zaxxer.hikari.pool.PoolBase [180] - HikariPool-1 - Failed to validate connection com.mysql.jdbc.JDBC4Connection@6c9fa96e (No operations allowed after connection closed.). Possibly consider using a shorter maxLifetime value.
[ WARN ] [2020-05-07 10:11:02] com.zaxxer.hikari.pool.PoolBase [180] - HikariPool-1 - Failed to validate connection com.mysql.jdbc.JDBC4Connection@2d84c21e (No operations allowed after connection closed.). Possibly consider using a shorter maxLifetime value.
[ WARN ] [2020-05-07 10:11:07] com.zaxxer.hikari.pool.PoolBase [180] - HikariPool-1 - Failed to validate connection com.mysql.jdbc.JDBC4Connection@6217ee46 (No operations allowed after connection closed.). Possibly consider using a shorter maxLifetime value.
[ ERROR] [2020-05-07 10:11:07] com.dangdang.usercontroller.service.impl.AdAllocationServiceImpl [73] - 获取随机广告异常
[ WARN ] [2020-05-07 10:11:45] com.zaxxer.hikari.pool.PoolBase [180] - HikariPool-1 - Failed to validate connection com.mysql.jdbc.JDBC4Connection@76f7febc (No operations allowed after connection closed.). Possibly consider using a shorter maxLifetime value.
[ WARN ] [2020-05-07 10:11:50] com.zaxxer.hikari.pool.PoolBase [180] - HikariPool-1 - Failed to validate connection com.mysql.jdbc.JDBC4Connection@5a5d2f93 (No operations allowed after connection closed.). Possibly consider using a shorter maxLifetime value.
[ WARN ] [2020-05-07 10:11:55] com.zaxxer.hikari.pool.PoolBase [180] - HikariPool-1 - Failed to validate connection com.mysql.jdbc.JDBC4Connection@6efbb463 (No operations allowed after connection closed.). Possibly consider using a shorter maxLifetime value.
[ WARN ] [2020-05-07 10:12:00] com.zaxxer.hikari.pool.PoolBase [180] - HikariPool-1 - Failed to validate connection com.mysql.jdbc.JDBC4Connection@3935c11b (No operations allowed after connection closed.). Possibly consider using a shorter maxLifetime value.
[ DEBUG] [2020-05-07 10:12:00] com.dangdang.usercontroller.mapper.AdAllocationMapper.selAppAd [143] - ==>  Preparing: select * from ad_table where package_name = ? and status = 0 
[ DEBUG] [2020-05-07 10:12:00] com.dangdang.usercontroller.mapper.AdAllocationMapper.selAppAd [143] - ==> Parameters: 100(String)
[ DEBUG] [2020-05-07 10:12:00] com.dangdang.usercontroller.mapper.AdAllocationMapper.selAppAd [143] - <==      Total: 0
[ ERROR] [2020-05-07 10:12:00] com.dangdang.usercontroller.service.impl.AdAllocationServiceImpl [73] - 获取随机广告异常
[ ERROR] [2020-05-07 10:12:17] com.dangdang.usercontroller.service.impl.AdAllocationServiceImpl [73] - 获取随机广告异常
[ ERROR] [2020-05-07 10:12:22] com.dangdang.usercontroller.service.impl.AdAllocationServiceImpl [73] - 获取随机广告异常
[ DEBUG] [2020-05-07 10:13:02] com.dangdang.usercontroller.mapper.AdAllocationMapper.selAppAd [143] - ==>  Preparing: select * from ad_table where package_name = ? and status = 0 
[ DEBUG] [2020-05-07 10:13:02] com.dangdang.usercontroller.mapper.AdAllocationMapper.selAppAd [143] - ==> Parameters: com.video.whotok(String)
[ DEBUG] [2020-05-07 10:13:02] com.dangdang.usercontroller.mapper.AdAllocationMapper.selAppAd [143] - <==      Total: 3
[ INFO ] [2020-05-07 10:21:20] com.dangdang.usercontroller.UsercontrollerApplication [55] - Starting UsercontrollerApplication on PC-20200331AHEJ with PID 9972 (D:\workspace\qudiandian\usercontroller\target\classes started by Administrator in D:\workspace\qudiandian\usercontroller)
[ INFO ] [2020-05-07 10:21:20] com.dangdang.usercontroller.UsercontrollerApplication [651] - No active profile set, falling back to default profiles: default
[ INFO ] [2020-05-07 10:21:20] org.springframework.data.repository.config.RepositoryConfigurationDelegate [249] - Multiple Spring Data modules found, entering strict repository configuration mode!
[ INFO ] [2020-05-07 10:21:20] org.springframework.data.repository.config.RepositoryConfigurationDelegate [127] - Bootstrapping Spring Data Redis repositories in DEFAULT mode.
[ INFO ] [2020-05-07 10:21:21] org.springframework.data.repository.config.RepositoryConfigurationDelegate [187] - Finished Spring Data repository scanning in 18ms. Found 0 Redis repository interfaces.
[ INFO ] [2020-05-07 10:21:21] org.springframework.boot.web.embedded.tomcat.TomcatWebServer [92] - Tomcat initialized with port(s): 8080 (http)
[ INFO ] [2020-05-07 10:21:21] org.apache.coyote.http11.Http11NioProtocol [173] - Initializing ProtocolHandler ["http-nio-8080"]
[ INFO ] [2020-05-07 10:21:21] org.apache.catalina.core.StandardService [173] - Starting service [Tomcat]
[ INFO ] [2020-05-07 10:21:21] org.apache.catalina.core.StandardEngine [173] - Starting Servlet engine: [Apache Tomcat/9.0.33]
[ INFO ] [2020-05-07 10:21:21] org.apache.catalina.core.ContainerBase.[Tomcat].[localhost].[/] [173] - Initializing Spring embedded WebApplicationContext
[ INFO ] [2020-05-07 10:21:21] org.springframework.web.context.ContextLoader [284] - Root WebApplicationContext: initialization completed in 1489 ms
[ INFO ] [2020-05-07 10:21:23] org.springframework.scheduling.concurrent.ThreadPoolTaskExecutor [181] - Initializing ExecutorService 'applicationTaskExecutor'
[ INFO ] [2020-05-07 10:21:23] org.apache.coyote.http11.Http11NioProtocol [173] - Starting ProtocolHandler ["http-nio-8080"]
[ INFO ] [2020-05-07 10:21:23] org.springframework.boot.web.embedded.tomcat.TomcatWebServer [204] - Tomcat started on port(s): 8080 (http) with context path ''
[ INFO ] [2020-05-07 10:21:23] com.dangdang.usercontroller.UsercontrollerApplication [61] - Started UsercontrollerApplication in 3.766 seconds (JVM running for 4.693)
[ INFO ] [2020-05-07 10:21:31] org.apache.catalina.core.ContainerBase.[Tomcat].[localhost].[/] [173] - Initializing Spring DispatcherServlet 'dispatcherServlet'
[ INFO ] [2020-05-07 10:21:31] org.springframework.web.servlet.DispatcherServlet [525] - Initializing Servlet 'dispatcherServlet'
[ INFO ] [2020-05-07 10:21:31] org.springframework.web.servlet.DispatcherServlet [547] - Completed initialization in 7 ms
[ INFO ] [2020-05-07 10:21:31] io.lettuce.core.EpollProvider [68] - Starting without optional epoll library
[ INFO ] [2020-05-07 10:21:31] io.lettuce.core.KqueueProvider [70] - Starting without optional kqueue library
[ INFO ] [2020-05-07 10:22:02] com.zaxxer.hikari.HikariDataSource [110] - HikariPool-1 - Starting...
[ INFO ] [2020-05-07 10:22:03] com.zaxxer.hikari.HikariDataSource [123] - HikariPool-1 - Start completed.
[ DEBUG] [2020-05-07 10:22:03] com.dangdang.usercontroller.mapper.AdAllocationMapper.selAppAd [143] - ==>  Preparing: select * from ad_table where package_name = ? and status = 0 
[ DEBUG] [2020-05-07 10:22:03] com.dangdang.usercontroller.mapper.AdAllocationMapper.selAppAd [143] - ==> Parameters: com.video.whotok(String)
[ DEBUG] [2020-05-07 10:22:03] com.dangdang.usercontroller.mapper.AdAllocationMapper.selAppAd [143] - <==      Total: 3
[ DEBUG] [2020-05-07 11:00:22] com.dangdang.usercontroller.mapper.AdAllocationMapper.selAppAd [143] - ==>  Preparing: select * from ad_table where package_name = ? and status = 0 
[ DEBUG] [2020-05-07 11:00:22] com.dangdang.usercontroller.mapper.AdAllocationMapper.selAppAd [143] - ==> Parameters: com.video.whotok(String)
[ DEBUG] [2020-05-07 11:00:22] com.dangdang.usercontroller.mapper.AdAllocationMapper.selAppAd [143] - <==      Total: 3
[ INFO ] [2020-05-07 14:28:38] com.dangdang.usercontroller.UsercontrollerApplication [55] - Starting UsercontrollerApplication on PC-20200331AHEJ with PID 10260 (D:\workspace\qudiandian\usercontroller\target\classes started by Administrator in D:\workspace\qudiandian\usercontroller)
[ INFO ] [2020-05-07 14:28:38] com.dangdang.usercontroller.UsercontrollerApplication [651] - No active profile set, falling back to default profiles: default
[ INFO ] [2020-05-07 14:28:39] org.springframework.data.repository.config.RepositoryConfigurationDelegate [249] - Multiple Spring Data modules found, entering strict repository configuration mode!
[ INFO ] [2020-05-07 14:28:39] org.springframework.data.repository.config.RepositoryConfigurationDelegate [127] - Bootstrapping Spring Data Redis repositories in DEFAULT mode.
[ INFO ] [2020-05-07 14:28:39] org.springframework.data.repository.config.RepositoryConfigurationDelegate [187] - Finished Spring Data repository scanning in 16ms. Found 0 Redis repository interfaces.
[ INFO ] [2020-05-07 14:28:40] org.springframework.boot.web.embedded.tomcat.TomcatWebServer [92] - Tomcat initialized with port(s): 8080 (http)
[ INFO ] [2020-05-07 14:28:40] org.apache.coyote.http11.Http11NioProtocol [173] - Initializing ProtocolHandler ["http-nio-8080"]
[ INFO ] [2020-05-07 14:28:40] org.apache.catalina.core.StandardService [173] - Starting service [Tomcat]
[ INFO ] [2020-05-07 14:28:40] org.apache.catalina.core.StandardEngine [173] - Starting Servlet engine: [Apache Tomcat/9.0.33]
[ INFO ] [2020-05-07 14:28:40] org.apache.catalina.core.ContainerBase.[Tomcat].[localhost].[/] [173] - Initializing Spring embedded WebApplicationContext
[ INFO ] [2020-05-07 14:28:40] org.springframework.web.context.ContextLoader [284] - Root WebApplicationContext: initialization completed in 1505 ms
[ INFO ] [2020-05-07 14:28:41] org.springframework.scheduling.concurrent.ThreadPoolTaskExecutor [181] - Initializing ExecutorService 'applicationTaskExecutor'
[ INFO ] [2020-05-07 14:28:41] org.apache.coyote.http11.Http11NioProtocol [173] - Starting ProtocolHandler ["http-nio-8080"]
[ INFO ] [2020-05-07 14:28:41] org.springframework.boot.web.embedded.tomcat.TomcatWebServer [204] - Tomcat started on port(s): 8080 (http) with context path ''
[ INFO ] [2020-05-07 14:28:41] com.dangdang.usercontroller.UsercontrollerApplication [61] - Started UsercontrollerApplication in 3.652 seconds (JVM running for 4.531)
[ INFO ] [2020-05-07 14:34:08] org.apache.catalina.core.ContainerBase.[Tomcat].[localhost].[/] [173] - Initializing Spring DispatcherServlet 'dispatcherServlet'
[ INFO ] [2020-05-07 14:34:08] org.springframework.web.servlet.DispatcherServlet [525] - Initializing Servlet 'dispatcherServlet'
[ INFO ] [2020-05-07 14:34:08] org.springframework.web.servlet.DispatcherServlet [547] - Completed initialization in 10 ms
[ WARN ] [2020-05-07 14:34:08] org.springframework.web.servlet.mvc.support.DefaultHandlerExceptionResolver [199] - Resolved [org.springframework.http.converter.HttpMessageNotReadableException: JSON parse error: Cannot deserialize value of type `int` from String "测试": not a valid Integer value; nested exception is com.fasterxml.jackson.databind.exc.InvalidFormatException: Cannot deserialize value of type `int` from String "测试": not a valid Integer value
 at [Source: (PushbackInputStream); line: 8, column: 20] (through reference chain: com.dangdang.usercontroller.entity.AndroidMessagePro["BuildVersionSdk"])]
[ INFO ] [2020-05-07 14:34:49] com.dangdang.usercontroller.UsercontrollerApplication [55] - Starting UsercontrollerApplication on PC-20200331AHEJ with PID 5308 (D:\workspace\qudiandian\usercontroller\target\classes started by Administrator in D:\workspace\qudiandian\usercontroller)
[ INFO ] [2020-05-07 14:34:49] com.dangdang.usercontroller.UsercontrollerApplication [651] - No active profile set, falling back to default profiles: default
[ INFO ] [2020-05-07 14:34:50] org.springframework.data.repository.config.RepositoryConfigurationDelegate [249] - Multiple Spring Data modules found, entering strict repository configuration mode!
[ INFO ] [2020-05-07 14:34:50] org.springframework.data.repository.config.RepositoryConfigurationDelegate [127] - Bootstrapping Spring Data Redis repositories in DEFAULT mode.
[ INFO ] [2020-05-07 14:34:50] org.springframework.data.repository.config.RepositoryConfigurationDelegate [187] - Finished Spring Data repository scanning in 16ms. Found 0 Redis repository interfaces.
[ INFO ] [2020-05-07 14:34:51] org.springframework.boot.web.embedded.tomcat.TomcatWebServer [92] - Tomcat initialized with port(s): 8080 (http)
[ INFO ] [2020-05-07 14:34:51] org.apache.coyote.http11.Http11NioProtocol [173] - Initializing ProtocolHandler ["http-nio-8080"]
[ INFO ] [2020-05-07 14:34:51] org.apache.catalina.core.StandardService [173] - Starting service [Tomcat]
[ INFO ] [2020-05-07 14:34:51] org.apache.catalina.core.StandardEngine [173] - Starting Servlet engine: [Apache Tomcat/9.0.33]
[ INFO ] [2020-05-07 14:34:51] org.apache.catalina.core.ContainerBase.[Tomcat].[localhost].[/] [173] - Initializing Spring embedded WebApplicationContext
[ INFO ] [2020-05-07 14:34:51] org.springframework.web.context.ContextLoader [284] - Root WebApplicationContext: initialization completed in 1761 ms
[ INFO ] [2020-05-07 14:34:52] org.springframework.scheduling.concurrent.ThreadPoolTaskExecutor [181] - Initializing ExecutorService 'applicationTaskExecutor'
[ INFO ] [2020-05-07 14:34:52] org.apache.coyote.http11.Http11NioProtocol [173] - Starting ProtocolHandler ["http-nio-8080"]
[ INFO ] [2020-05-07 14:34:53] org.springframework.boot.web.embedded.tomcat.TomcatWebServer [204] - Tomcat started on port(s): 8080 (http) with context path ''
[ INFO ] [2020-05-07 14:34:53] com.dangdang.usercontroller.UsercontrollerApplication [61] - Started UsercontrollerApplication in 3.487 seconds (JVM running for 4.499)
[ INFO ] [2020-05-07 14:34:58] org.apache.catalina.core.ContainerBase.[Tomcat].[localhost].[/] [173] - Initializing Spring DispatcherServlet 'dispatcherServlet'
[ INFO ] [2020-05-07 14:34:58] org.springframework.web.servlet.DispatcherServlet [525] - Initializing Servlet 'dispatcherServlet'
[ INFO ] [2020-05-07 14:34:58] org.springframework.web.servlet.DispatcherServlet [547] - Completed initialization in 5 ms
[ INFO ] [2020-05-07 14:34:58] com.dangdang.usercontroller.service.impl.UserServiceImpl [60] - 保存用户设备信息pro：AndroidMessagePro(systemLanguage=测试, systemVersion=测试, systemModel=测试, deviceBrand=测试, imei=测试, uniqueID=测试, BuildVersionSdk=测试, BuildType=测试, Hardware=测试, BuildUser=测试, BuildVersionRelease=测试, ProductDevice=测试, BuildVersionCodename=测试, BuildTags=测试, ProductManufacturer=测试, ProductModel=测试, BuildFingerprint=测试, ProductBrand=测试, ProductName=测试, BuildVersionIncremental=测试, BuildHost=测试, BuildId=测试, BuildDateUtc=测试, BuildDisplayId=测试, Serialno=测试, ProductBoard=测试, createTime=测试)
[ INFO ] [2020-05-07 14:34:58] org.springframework.amqp.rabbit.connection.CachingConnectionFactory [524] - Attempting to connect to: [47.100.161.10:5672]
[ INFO ] [2020-05-07 14:34:58] org.springframework.amqp.rabbit.connection.CachingConnectionFactory [497] - Created new connection: rabbitConnectionFactory#288ca5f0:0/SimpleConnection@23c4a201 [delegate=amqp://songxuan@47.100.161.10:5672/, localPort= 59662]
[ INFO ] [2020-05-07 14:36:11] com.dangdang.usercontroller.service.impl.UserServiceImpl [60] - 保存用户设备信息pro：AndroidMessagePro(systemLanguage=测试, systemVersion=测试, systemModel=测试, deviceBrand=测试, imei=测试, uniqueID=测试, BuildVersionSdk=测试, BuildType=测试, Hardware=测试, BuildUser=测试, BuildVersionRelease=测试, ProductDevice=测试, BuildVersionCodename=测试, BuildTags=测试, ProductManufacturer=测试, ProductModel=测试, BuildFingerprint=测试, ProductBrand=测试, ProductName=测试, BuildVersionIncremental=测试, BuildHost=测试, BuildId=测试, BuildDateUtc=测试, BuildDisplayId=测试, Serialno=测试, ProductBoard=测试, createTime=测试)
[ INFO ] [2020-05-07 14:38:16] com.dangdang.usercontroller.service.impl.UserServiceImpl [60] - 保存用户设备信息pro：AndroidMessagePro(systemLanguage=测试, systemVersion=测试, systemModel=测试, deviceBrand=测试, imei=测试, uniqueID=测试, BuildVersionSdk=测试, BuildType=测试, Hardware=测试, BuildUser=测试, BuildVersionRelease=测试, ProductDevice=测试, BuildVersionCodename=测试, BuildTags=测试, ProductManufacturer=测试, ProductModel=测试, BuildFingerprint=测试, ProductBrand=测试, ProductName=测试, BuildVersionIncremental=测试, BuildHost=测试, BuildId=测试, BuildDateUtc=测试, BuildDisplayId=测试, Serialno=测试, ProductBoard=测试, createTime=测试)
[ INFO ] [2020-05-07 14:40:58] com.dangdang.usercontroller.service.impl.UserServiceImpl [60] - 保存用户设备信息pro：AndroidMessagePro(systemLanguage=测试, systemVersion=测试, systemModel=测试, deviceBrand=测试, imei=测试, uniqueID=测试, BuildVersionSdk=测试, BuildType=测试, Hardware=测试, BuildUser=测试, BuildVersionRelease=测试, ProductDevice=测试, BuildVersionCodename=测试, BuildTags=测试, ProductManufacturer=测试, ProductModel=测试, BuildFingerprint=测试, ProductBrand=测试, ProductName=测试, BuildVersionIncremental=测试, BuildHost=测试, BuildId=测试, BuildDateUtc=测试, BuildDisplayId=测试, Serialno=测试, ProductBoard=测试, createTime=null)
[ INFO ] [2020-05-07 14:41:00] com.dangdang.usercontroller.service.impl.UserServiceImpl [60] - 保存用户设备信息pro：AndroidMessagePro(systemLanguage=测试, systemVersion=测试, systemModel=测试, deviceBrand=测试, imei=测试, uniqueID=测试, BuildVersionSdk=测试, BuildType=测试, Hardware=测试, BuildUser=测试, BuildVersionRelease=测试, ProductDevice=测试, BuildVersionCodename=测试, BuildTags=测试, ProductManufacturer=测试, ProductModel=测试, BuildFingerprint=测试, ProductBrand=测试, ProductName=测试, BuildVersionIncremental=测试, BuildHost=测试, BuildId=测试, BuildDateUtc=测试, BuildDisplayId=测试, Serialno=测试, ProductBoard=测试, createTime=null)
[ INFO ] [2020-05-07 14:41:00] com.dangdang.usercontroller.service.impl.UserServiceImpl [60] - 保存用户设备信息pro：AndroidMessagePro(systemLanguage=测试, systemVersion=测试, systemModel=测试, deviceBrand=测试, imei=测试, uniqueID=测试, BuildVersionSdk=测试, BuildType=测试, Hardware=测试, BuildUser=测试, BuildVersionRelease=测试, ProductDevice=测试, BuildVersionCodename=测试, BuildTags=测试, ProductManufacturer=测试, ProductModel=测试, BuildFingerprint=测试, ProductBrand=测试, ProductName=测试, BuildVersionIncremental=测试, BuildHost=测试, BuildId=测试, BuildDateUtc=测试, BuildDisplayId=测试, Serialno=测试, ProductBoard=测试, createTime=null)
[ INFO ] [2020-05-07 14:41:01] com.dangdang.usercontroller.service.impl.UserServiceImpl [60] - 保存用户设备信息pro：AndroidMessagePro(systemLanguage=测试, systemVersion=测试, systemModel=测试, deviceBrand=测试, imei=测试, uniqueID=测试, BuildVersionSdk=测试, BuildType=测试, Hardware=测试, BuildUser=测试, BuildVersionRelease=测试, ProductDevice=测试, BuildVersionCodename=测试, BuildTags=测试, ProductManufacturer=测试, ProductModel=测试, BuildFingerprint=测试, ProductBrand=测试, ProductName=测试, BuildVersionIncremental=测试, BuildHost=测试, BuildId=测试, BuildDateUtc=测试, BuildDisplayId=测试, Serialno=测试, ProductBoard=测试, createTime=null)
[ INFO ] [2020-05-07 14:41:01] com.dangdang.usercontroller.service.impl.UserServiceImpl [60] - 保存用户设备信息pro：AndroidMessagePro(systemLanguage=测试, systemVersion=测试, systemModel=测试, deviceBrand=测试, imei=测试, uniqueID=测试, BuildVersionSdk=测试, BuildType=测试, Hardware=测试, BuildUser=测试, BuildVersionRelease=测试, ProductDevice=测试, BuildVersionCodename=测试, BuildTags=测试, ProductManufacturer=测试, ProductModel=测试, BuildFingerprint=测试, ProductBrand=测试, ProductName=测试, BuildVersionIncremental=测试, BuildHost=测试, BuildId=测试, BuildDateUtc=测试, BuildDisplayId=测试, Serialno=测试, ProductBoard=测试, createTime=null)
[ INFO ] [2020-05-07 14:41:02] com.dangdang.usercontroller.service.impl.UserServiceImpl [60] - 保存用户设备信息pro：AndroidMessagePro(systemLanguage=测试, systemVersion=测试, systemModel=测试, deviceBrand=测试, imei=测试, uniqueID=测试, BuildVersionSdk=测试, BuildType=测试, Hardware=测试, BuildUser=测试, BuildVersionRelease=测试, ProductDevice=测试, BuildVersionCodename=测试, BuildTags=测试, ProductManufacturer=测试, ProductModel=测试, BuildFingerprint=测试, ProductBrand=测试, ProductName=测试, BuildVersionIncremental=测试, BuildHost=测试, BuildId=测试, BuildDateUtc=测试, BuildDisplayId=测试, Serialno=测试, ProductBoard=测试, createTime=null)
[ INFO ] [2020-05-07 14:41:02] com.dangdang.usercontroller.service.impl.UserServiceImpl [60] - 保存用户设备信息pro：AndroidMessagePro(systemLanguage=测试, systemVersion=测试, systemModel=测试, deviceBrand=测试, imei=测试, uniqueID=测试, BuildVersionSdk=测试, BuildType=测试, Hardware=测试, BuildUser=测试, BuildVersionRelease=测试, ProductDevice=测试, BuildVersionCodename=测试, BuildTags=测试, ProductManufacturer=测试, ProductModel=测试, BuildFingerprint=测试, ProductBrand=测试, ProductName=测试, BuildVersionIncremental=测试, BuildHost=测试, BuildId=测试, BuildDateUtc=测试, BuildDisplayId=测试, Serialno=测试, ProductBoard=测试, createTime=null)
[ INFO ] [2020-05-07 14:41:03] com.dangdang.usercontroller.service.impl.UserServiceImpl [60] - 保存用户设备信息pro：AndroidMessagePro(systemLanguage=测试, systemVersion=测试, systemModel=测试, deviceBrand=测试, imei=测试, uniqueID=测试, BuildVersionSdk=测试, BuildType=测试, Hardware=测试, BuildUser=测试, BuildVersionRelease=测试, ProductDevice=测试, BuildVersionCodename=测试, BuildTags=测试, ProductManufacturer=测试, ProductModel=测试, BuildFingerprint=测试, ProductBrand=测试, ProductName=测试, BuildVersionIncremental=测试, BuildHost=测试, BuildId=测试, BuildDateUtc=测试, BuildDisplayId=测试, Serialno=测试, ProductBoard=测试, createTime=null)
[ INFO ] [2020-05-07 14:41:03] com.dangdang.usercontroller.service.impl.UserServiceImpl [60] - 保存用户设备信息pro：AndroidMessagePro(systemLanguage=测试, systemVersion=测试, systemModel=测试, deviceBrand=测试, imei=测试, uniqueID=测试, BuildVersionSdk=测试, BuildType=测试, Hardware=测试, BuildUser=测试, BuildVersionRelease=测试, ProductDevice=测试, BuildVersionCodename=测试, BuildTags=测试, ProductManufacturer=测试, ProductModel=测试, BuildFingerprint=测试, ProductBrand=测试, ProductName=测试, BuildVersionIncremental=测试, BuildHost=测试, BuildId=测试, BuildDateUtc=测试, BuildDisplayId=测试, Serialno=测试, ProductBoard=测试, createTime=null)
[ INFO ] [2020-05-07 14:42:25] com.dangdang.usercontroller.UsercontrollerApplication [55] - Starting UsercontrollerApplication on PC-20200331AHEJ with PID 10932 (D:\workspace\qudiandian\usercontroller\target\classes started by Administrator in D:\workspace\qudiandian\usercontroller)
[ INFO ] [2020-05-07 14:42:25] com.dangdang.usercontroller.UsercontrollerApplication [651] - No active profile set, falling back to default profiles: default
[ INFO ] [2020-05-07 14:42:26] org.springframework.data.repository.config.RepositoryConfigurationDelegate [249] - Multiple Spring Data modules found, entering strict repository configuration mode!
[ INFO ] [2020-05-07 14:42:26] org.springframework.data.repository.config.RepositoryConfigurationDelegate [127] - Bootstrapping Spring Data Redis repositories in DEFAULT mode.
[ INFO ] [2020-05-07 14:42:26] org.springframework.data.repository.config.RepositoryConfigurationDelegate [187] - Finished Spring Data repository scanning in 17ms. Found 0 Redis repository interfaces.
[ INFO ] [2020-05-07 14:42:28] org.springframework.boot.web.embedded.tomcat.TomcatWebServer [92] - Tomcat initialized with port(s): 8080 (http)
[ INFO ] [2020-05-07 14:42:28] org.apache.coyote.http11.Http11NioProtocol [173] - Initializing ProtocolHandler ["http-nio-8080"]
[ INFO ] [2020-05-07 14:42:28] org.apache.catalina.core.StandardService [173] - Starting service [Tomcat]
[ INFO ] [2020-05-07 14:42:28] org.apache.catalina.core.StandardEngine [173] - Starting Servlet engine: [Apache Tomcat/9.0.33]
[ INFO ] [2020-05-07 14:42:28] org.apache.catalina.core.ContainerBase.[Tomcat].[localhost].[/] [173] - Initializing Spring embedded WebApplicationContext
[ INFO ] [2020-05-07 14:42:28] org.springframework.web.context.ContextLoader [284] - Root WebApplicationContext: initialization completed in 2586 ms
[ INFO ] [2020-05-07 14:42:29] org.springframework.scheduling.concurrent.ThreadPoolTaskExecutor [181] - Initializing ExecutorService 'applicationTaskExecutor'
[ INFO ] [2020-05-07 14:42:29] org.apache.coyote.http11.Http11NioProtocol [173] - Starting ProtocolHandler ["http-nio-8080"]
[ INFO ] [2020-05-07 14:42:29] org.springframework.boot.web.embedded.tomcat.TomcatWebServer [204] - Tomcat started on port(s): 8080 (http) with context path ''
[ INFO ] [2020-05-07 14:42:29] com.dangdang.usercontroller.UsercontrollerApplication [61] - Started UsercontrollerApplication in 4.768 seconds (JVM running for 5.598)
[ INFO ] [2020-05-07 14:43:09] org.apache.catalina.core.ContainerBase.[Tomcat].[localhost].[/] [173] - Initializing Spring DispatcherServlet 'dispatcherServlet'
[ INFO ] [2020-05-07 14:43:09] org.springframework.web.servlet.DispatcherServlet [525] - Initializing Servlet 'dispatcherServlet'
[ INFO ] [2020-05-07 14:43:09] org.springframework.web.servlet.DispatcherServlet [547] - Completed initialization in 7 ms
[ INFO ] [2020-05-07 14:44:02] com.dangdang.usercontroller.service.impl.UserServiceImpl [61] - 保存用户设备信息pro：AndroidMessagePro(systemLanguage=测试, systemVersion=测试, systemModel=测试, deviceBrand=测试, imei=测试, uniqueID=测试, BuildVersionSdk=测试, BuildType=测试, Hardware=测试, BuildUser=测试, BuildVersionRelease=测试, ProductDevice=测试, BuildVersionCodename=测试, BuildTags=测试, ProductManufacturer=测试, ProductModel=测试, BuildFingerprint=测试, ProductBrand=测试, ProductName=测试, BuildVersionIncremental=测试, BuildHost=测试, BuildId=测试, BuildDateUtc=测试, BuildDisplayId=测试, Serialno=测试, ProductBoard=测试)
[ INFO ] [2020-05-07 14:44:02] org.springframework.amqp.rabbit.connection.CachingConnectionFactory [524] - Attempting to connect to: [47.100.161.10:5672]
[ INFO ] [2020-05-07 14:44:02] org.springframework.amqp.rabbit.connection.CachingConnectionFactory [497] - Created new connection: rabbitConnectionFactory#5300cac:0/SimpleConnection@415a5c52 [delegate=amqp://songxuan@47.100.161.10:5672/, localPort= 60000]
[ INFO ] [2020-05-07 14:44:05] com.dangdang.usercontroller.service.impl.UserServiceImpl [61] - 保存用户设备信息pro：AndroidMessagePro(systemLanguage=测试, systemVersion=测试, systemModel=测试, deviceBrand=测试, imei=测试, uniqueID=测试, BuildVersionSdk=测试, BuildType=测试, Hardware=测试, BuildUser=测试, BuildVersionRelease=测试, ProductDevice=测试, BuildVersionCodename=测试, BuildTags=测试, ProductManufacturer=测试, ProductModel=测试, BuildFingerprint=测试, ProductBrand=测试, ProductName=测试, BuildVersionIncremental=测试, BuildHost=测试, BuildId=测试, BuildDateUtc=测试, BuildDisplayId=测试, Serialno=测试, ProductBoard=测试)
[ INFO ] [2020-05-07 14:44:06] com.dangdang.usercontroller.service.impl.UserServiceImpl [61] - 保存用户设备信息pro：AndroidMessagePro(systemLanguage=测试, systemVersion=测试, systemModel=测试, deviceBrand=测试, imei=测试, uniqueID=测试, BuildVersionSdk=测试, BuildType=测试, Hardware=测试, BuildUser=测试, BuildVersionRelease=测试, ProductDevice=测试, BuildVersionCodename=测试, BuildTags=测试, ProductManufacturer=测试, ProductModel=测试, BuildFingerprint=测试, ProductBrand=测试, ProductName=测试, BuildVersionIncremental=测试, BuildHost=测试, BuildId=测试, BuildDateUtc=测试, BuildDisplayId=测试, Serialno=测试, ProductBoard=测试)
[ INFO ] [2020-05-07 14:44:06] com.dangdang.usercontroller.service.impl.UserServiceImpl [61] - 保存用户设备信息pro：AndroidMessagePro(systemLanguage=测试, systemVersion=测试, systemModel=测试, deviceBrand=测试, imei=测试, uniqueID=测试, BuildVersionSdk=测试, BuildType=测试, Hardware=测试, BuildUser=测试, BuildVersionRelease=测试, ProductDevice=测试, BuildVersionCodename=测试, BuildTags=测试, ProductManufacturer=测试, ProductModel=测试, BuildFingerprint=测试, ProductBrand=测试, ProductName=测试, BuildVersionIncremental=测试, BuildHost=测试, BuildId=测试, BuildDateUtc=测试, BuildDisplayId=测试, Serialno=测试, ProductBoard=测试)
[ INFO ] [2020-05-07 14:44:07] com.dangdang.usercontroller.service.impl.UserServiceImpl [61] - 保存用户设备信息pro：AndroidMessagePro(systemLanguage=测试, systemVersion=测试, systemModel=测试, deviceBrand=测试, imei=测试, uniqueID=测试, BuildVersionSdk=测试, BuildType=测试, Hardware=测试, BuildUser=测试, BuildVersionRelease=测试, ProductDevice=测试, BuildVersionCodename=测试, BuildTags=测试, ProductManufacturer=测试, ProductModel=测试, BuildFingerprint=测试, ProductBrand=测试, ProductName=测试, BuildVersionIncremental=测试, BuildHost=测试, BuildId=测试, BuildDateUtc=测试, BuildDisplayId=测试, Serialno=测试, ProductBoard=测试)
[ INFO ] [2020-05-07 14:44:07] com.dangdang.usercontroller.service.impl.UserServiceImpl [61] - 保存用户设备信息pro：AndroidMessagePro(systemLanguage=测试, systemVersion=测试, systemModel=测试, deviceBrand=测试, imei=测试, uniqueID=测试, BuildVersionSdk=测试, BuildType=测试, Hardware=测试, BuildUser=测试, BuildVersionRelease=测试, ProductDevice=测试, BuildVersionCodename=测试, BuildTags=测试, ProductManufacturer=测试, ProductModel=测试, BuildFingerprint=测试, ProductBrand=测试, ProductName=测试, BuildVersionIncremental=测试, BuildHost=测试, BuildId=测试, BuildDateUtc=测试, BuildDisplayId=测试, Serialno=测试, ProductBoard=测试)
[ INFO ] [2020-05-07 14:44:08] com.dangdang.usercontroller.service.impl.UserServiceImpl [61] - 保存用户设备信息pro：AndroidMessagePro(systemLanguage=测试, systemVersion=测试, systemModel=测试, deviceBrand=测试, imei=测试, uniqueID=测试, BuildVersionSdk=测试, BuildType=测试, Hardware=测试, BuildUser=测试, BuildVersionRelease=测试, ProductDevice=测试, BuildVersionCodename=测试, BuildTags=测试, ProductManufacturer=测试, ProductModel=测试, BuildFingerprint=测试, ProductBrand=测试, ProductName=测试, BuildVersionIncremental=测试, BuildHost=测试, BuildId=测试, BuildDateUtc=测试, BuildDisplayId=测试, Serialno=测试, ProductBoard=测试)
[ INFO ] [2020-05-07 14:44:09] com.dangdang.usercontroller.service.impl.UserServiceImpl [61] - 保存用户设备信息pro：AndroidMessagePro(systemLanguage=测试, systemVersion=测试, systemModel=测试, deviceBrand=测试, imei=测试, uniqueID=测试, BuildVersionSdk=测试, BuildType=测试, Hardware=测试, BuildUser=测试, BuildVersionRelease=测试, ProductDevice=测试, BuildVersionCodename=测试, BuildTags=测试, ProductManufacturer=测试, ProductModel=测试, BuildFingerprint=测试, ProductBrand=测试, ProductName=测试, BuildVersionIncremental=测试, BuildHost=测试, BuildId=测试, BuildDateUtc=测试, BuildDisplayId=测试, Serialno=测试, ProductBoard=测试)
[ INFO ] [2020-05-07 14:44:10] com.dangdang.usercontroller.service.impl.UserServiceImpl [61] - 保存用户设备信息pro：AndroidMessagePro(systemLanguage=测试, systemVersion=测试, systemModel=测试, deviceBrand=测试, imei=测试, uniqueID=测试, BuildVersionSdk=测试, BuildType=测试, Hardware=测试, BuildUser=测试, BuildVersionRelease=测试, ProductDevice=测试, BuildVersionCodename=测试, BuildTags=测试, ProductManufacturer=测试, ProductModel=测试, BuildFingerprint=测试, ProductBrand=测试, ProductName=测试, BuildVersionIncremental=测试, BuildHost=测试, BuildId=测试, BuildDateUtc=测试, BuildDisplayId=测试, Serialno=测试, ProductBoard=测试)
[ INFO ] [2020-05-07 14:44:11] com.dangdang.usercontroller.service.impl.UserServiceImpl [61] - 保存用户设备信息pro：AndroidMessagePro(systemLanguage=测试, systemVersion=测试, systemModel=测试, deviceBrand=测试, imei=测试, uniqueID=测试, BuildVersionSdk=测试, BuildType=测试, Hardware=测试, BuildUser=测试, BuildVersionRelease=测试, ProductDevice=测试, BuildVersionCodename=测试, BuildTags=测试, ProductManufacturer=测试, ProductModel=测试, BuildFingerprint=测试, ProductBrand=测试, ProductName=测试, BuildVersionIncremental=测试, BuildHost=测试, BuildId=测试, BuildDateUtc=测试, BuildDisplayId=测试, Serialno=测试, ProductBoard=测试)
[ INFO ] [2020-05-07 14:44:11] com.dangdang.usercontroller.service.impl.UserServiceImpl [61] - 保存用户设备信息pro：AndroidMessagePro(systemLanguage=测试, systemVersion=测试, systemModel=测试, deviceBrand=测试, imei=测试, uniqueID=测试, BuildVersionSdk=测试, BuildType=测试, Hardware=测试, BuildUser=测试, BuildVersionRelease=测试, ProductDevice=测试, BuildVersionCodename=测试, BuildTags=测试, ProductManufacturer=测试, ProductModel=测试, BuildFingerprint=测试, ProductBrand=测试, ProductName=测试, BuildVersionIncremental=测试, BuildHost=测试, BuildId=测试, BuildDateUtc=测试, BuildDisplayId=测试, Serialno=测试, ProductBoard=测试)
[ INFO ] [2020-05-07 14:45:10] io.lettuce.core.EpollProvider [68] - Starting without optional epoll library
[ INFO ] [2020-05-07 14:45:10] io.lettuce.core.KqueueProvider [70] - Starting without optional kqueue library
[ INFO ] [2020-05-07 14:45:37] com.dangdang.usercontroller.UsercontrollerApplication [55] - Starting UsercontrollerApplication on PC-20200331AHEJ with PID 224 (D:\workspace\qudiandian\usercontroller\target\classes started by Administrator in D:\workspace\qudiandian\usercontroller)
[ INFO ] [2020-05-07 14:45:37] com.dangdang.usercontroller.UsercontrollerApplication [651] - No active profile set, falling back to default profiles: default
[ INFO ] [2020-05-07 14:45:38] org.springframework.data.repository.config.RepositoryConfigurationDelegate [249] - Multiple Spring Data modules found, entering strict repository configuration mode!
[ INFO ] [2020-05-07 14:45:38] org.springframework.data.repository.config.RepositoryConfigurationDelegate [127] - Bootstrapping Spring Data Redis repositories in DEFAULT mode.
[ INFO ] [2020-05-07 14:45:38] org.springframework.data.repository.config.RepositoryConfigurationDelegate [187] - Finished Spring Data repository scanning in 16ms. Found 0 Redis repository interfaces.
[ INFO ] [2020-05-07 14:45:39] org.springframework.boot.web.embedded.tomcat.TomcatWebServer [92] - Tomcat initialized with port(s): 8080 (http)
[ INFO ] [2020-05-07 14:45:39] org.apache.coyote.http11.Http11NioProtocol [173] - Initializing ProtocolHandler ["http-nio-8080"]
[ INFO ] [2020-05-07 14:45:39] org.apache.catalina.core.StandardService [173] - Starting service [Tomcat]
[ INFO ] [2020-05-07 14:45:39] org.apache.catalina.core.StandardEngine [173] - Starting Servlet engine: [Apache Tomcat/9.0.33]
[ INFO ] [2020-05-07 14:45:39] org.apache.catalina.core.ContainerBase.[Tomcat].[localhost].[/] [173] - Initializing Spring embedded WebApplicationContext
[ INFO ] [2020-05-07 14:45:39] org.springframework.web.context.ContextLoader [284] - Root WebApplicationContext: initialization completed in 1693 ms
[ INFO ] [2020-05-07 14:45:40] org.springframework.scheduling.concurrent.ThreadPoolTaskExecutor [181] - Initializing ExecutorService 'applicationTaskExecutor'
[ INFO ] [2020-05-07 14:45:40] org.apache.coyote.http11.Http11NioProtocol [173] - Starting ProtocolHandler ["http-nio-8080"]
[ INFO ] [2020-05-07 14:45:40] org.springframework.boot.web.embedded.tomcat.TomcatWebServer [204] - Tomcat started on port(s): 8080 (http) with context path ''
[ INFO ] [2020-05-07 14:45:40] com.dangdang.usercontroller.UsercontrollerApplication [61] - Started UsercontrollerApplication in 3.432 seconds (JVM running for 4.233)
[ INFO ] [2020-05-07 14:46:19] org.apache.catalina.core.ContainerBase.[Tomcat].[localhost].[/] [173] - Initializing Spring DispatcherServlet 'dispatcherServlet'
[ INFO ] [2020-05-07 14:46:19] org.springframework.web.servlet.DispatcherServlet [525] - Initializing Servlet 'dispatcherServlet'
[ INFO ] [2020-05-07 14:46:19] org.springframework.web.servlet.DispatcherServlet [547] - Completed initialization in 7 ms
[ INFO ] [2020-05-07 14:46:19] io.lettuce.core.EpollProvider [68] - Starting without optional epoll library
[ INFO ] [2020-05-07 14:46:19] io.lettuce.core.KqueueProvider [70] - Starting without optional kqueue library
[ INFO ] [2020-05-07 14:46:19] com.zaxxer.hikari.HikariDataSource [110] - HikariPool-1 - Starting...
[ INFO ] [2020-05-07 14:46:20] com.zaxxer.hikari.HikariDataSource [123] - HikariPool-1 - Start completed.
[ INFO ] [2020-05-07 15:39:57] com.dangdang.usercontroller.UsercontrollerApplication [55] - Starting UsercontrollerApplication on PC-20200331AHEJ with PID 11052 (D:\workspace\qudiandian\usercontroller\target\classes started by Administrator in D:\workspace\qudiandian\usercontroller)
[ INFO ] [2020-05-07 15:39:57] com.dangdang.usercontroller.UsercontrollerApplication [651] - No active profile set, falling back to default profiles: default
[ INFO ] [2020-05-07 15:39:58] org.springframework.data.repository.config.RepositoryConfigurationDelegate [249] - Multiple Spring Data modules found, entering strict repository configuration mode!
[ INFO ] [2020-05-07 15:39:58] org.springframework.data.repository.config.RepositoryConfigurationDelegate [127] - Bootstrapping Spring Data Redis repositories in DEFAULT mode.
[ INFO ] [2020-05-07 15:39:58] org.springframework.data.repository.config.RepositoryConfigurationDelegate [187] - Finished Spring Data repository scanning in 15ms. Found 0 Redis repository interfaces.
[ INFO ] [2020-05-07 15:39:59] org.springframework.boot.web.embedded.tomcat.TomcatWebServer [92] - Tomcat initialized with port(s): 8080 (http)
[ INFO ] [2020-05-07 15:39:59] org.apache.coyote.http11.Http11NioProtocol [173] - Initializing ProtocolHandler ["http-nio-8080"]
[ INFO ] [2020-05-07 15:39:59] org.apache.catalina.core.StandardService [173] - Starting service [Tomcat]
[ INFO ] [2020-05-07 15:39:59] org.apache.catalina.core.StandardEngine [173] - Starting Servlet engine: [Apache Tomcat/9.0.33]
[ INFO ] [2020-05-07 15:39:59] org.apache.catalina.core.ContainerBase.[Tomcat].[localhost].[/] [173] - Initializing Spring embedded WebApplicationContext
[ INFO ] [2020-05-07 15:39:59] org.springframework.web.context.ContextLoader [284] - Root WebApplicationContext: initialization completed in 1315 ms
[ INFO ] [2020-05-07 15:40:00] org.springframework.scheduling.concurrent.ThreadPoolTaskExecutor [181] - Initializing ExecutorService 'applicationTaskExecutor'
[ INFO ] [2020-05-07 15:40:00] org.apache.coyote.http11.Http11NioProtocol [173] - Starting ProtocolHandler ["http-nio-8080"]
[ INFO ] [2020-05-07 15:40:00] org.springframework.boot.web.embedded.tomcat.TomcatWebServer [204] - Tomcat started on port(s): 8080 (http) with context path ''
[ INFO ] [2020-05-07 15:40:00] com.dangdang.usercontroller.UsercontrollerApplication [61] - Started UsercontrollerApplication in 3.177 seconds (JVM running for 4.298)
[ INFO ] [2020-05-07 15:52:03] org.apache.catalina.core.ContainerBase.[Tomcat].[localhost].[/] [173] - Initializing Spring DispatcherServlet 'dispatcherServlet'
[ INFO ] [2020-05-07 15:52:03] org.springframework.web.servlet.DispatcherServlet [525] - Initializing Servlet 'dispatcherServlet'
[ INFO ] [2020-05-07 15:52:03] org.springframework.web.servlet.DispatcherServlet [547] - Completed initialization in 9 ms
[ INFO ] [2020-05-07 15:52:03] com.dangdang.usercontroller.service.impl.UserServiceImpl [61] - 保存用户设备信息pro：AndroidMessagePro(systemLanguage=测试, systemVersion=测试, systemModel=测试, deviceBrand=测试, imei=测试, uniqueID=测试, BuildVersionSdk=测试, BuildType=测试, Hardware=测试, BuildUser=测试, BuildVersionRelease=测试, ProductDevice=测试, BuildVersionCodename=测试, BuildTags=测试, ProductManufacturer=测试, ProductModel=测试, BuildFingerprint=测试, ProductBrand=测试, ProductName=测试, BuildVersionIncremental=测试, BuildHost=测试, BuildId=测试, BuildDateUtc=测试, BuildDisplayId=测试, Serialno=测试, ProductBoard=测试, ClickTime=shijian)
[ INFO ] [2020-05-07 15:52:04] org.springframework.amqp.rabbit.connection.CachingConnectionFactory [524] - Attempting to connect to: [47.100.161.10:5672]
[ INFO ] [2020-05-07 15:52:04] org.springframework.amqp.rabbit.connection.CachingConnectionFactory [497] - Created new connection: rabbitConnectionFactory#64984b0f:0/SimpleConnection@64d8d23e [delegate=amqp://songxuan@47.100.161.10:5672/, localPort= 61315]
[ INFO ] [2020-05-07 18:07:40] com.dangdang.usercontroller.UsercontrollerApplication [55] - Starting UsercontrollerApplication on PC-20200331AHEJ with PID 9624 (D:\workspace\qudiandian\usercontroller\target\classes started by Administrator in D:\workspace\qudiandian\usercontroller)
[ INFO ] [2020-05-07 18:07:40] com.dangdang.usercontroller.UsercontrollerApplication [651] - No active profile set, falling back to default profiles: default
[ INFO ] [2020-05-07 18:07:41] org.springframework.data.repository.config.RepositoryConfigurationDelegate [249] - Multiple Spring Data modules found, entering strict repository configuration mode!
[ INFO ] [2020-05-07 18:07:41] org.springframework.data.repository.config.RepositoryConfigurationDelegate [127] - Bootstrapping Spring Data Redis repositories in DEFAULT mode.
[ INFO ] [2020-05-07 18:07:41] org.springframework.data.repository.config.RepositoryConfigurationDelegate [187] - Finished Spring Data repository scanning in 19ms. Found 0 Redis repository interfaces.
[ INFO ] [2020-05-07 18:07:41] org.springframework.boot.web.embedded.tomcat.TomcatWebServer [92] - Tomcat initialized with port(s): 8080 (http)
[ INFO ] [2020-05-07 18:07:41] org.apache.coyote.http11.Http11NioProtocol [173] - Initializing ProtocolHandler ["http-nio-8080"]
[ INFO ] [2020-05-07 18:07:41] org.apache.catalina.core.StandardService [173] - Starting service [Tomcat]
[ INFO ] [2020-05-07 18:07:41] org.apache.catalina.core.StandardEngine [173] - Starting Servlet engine: [Apache Tomcat/9.0.33]
[ INFO ] [2020-05-07 18:07:42] org.apache.catalina.core.ContainerBase.[Tomcat].[localhost].[/] [173] - Initializing Spring embedded WebApplicationContext
[ INFO ] [2020-05-07 18:07:42] org.springframework.web.context.ContextLoader [284] - Root WebApplicationContext: initialization completed in 1404 ms
[ INFO ] [2020-05-07 18:07:43] org.springframework.scheduling.concurrent.ThreadPoolTaskExecutor [181] - Initializing ExecutorService 'applicationTaskExecutor'
[ INFO ] [2020-05-07 18:07:43] org.apache.coyote.http11.Http11NioProtocol [173] - Starting ProtocolHandler ["http-nio-8080"]
[ INFO ] [2020-05-07 18:07:43] org.springframework.boot.web.embedded.tomcat.TomcatWebServer [204] - Tomcat started on port(s): 8080 (http) with context path ''
[ INFO ] [2020-05-07 18:07:43] com.dangdang.usercontroller.UsercontrollerApplication [61] - Started UsercontrollerApplication in 3.39 seconds (JVM running for 4.236)
[ INFO ] [2020-05-07 18:08:16] org.apache.catalina.core.ContainerBase.[Tomcat].[localhost].[/] [173] - Initializing Spring DispatcherServlet 'dispatcherServlet'
[ INFO ] [2020-05-07 18:08:16] org.springframework.web.servlet.DispatcherServlet [525] - Initializing Servlet 'dispatcherServlet'
[ INFO ] [2020-05-07 18:08:16] org.springframework.web.servlet.DispatcherServlet [547] - Completed initialization in 6 ms
[ INFO ] [2020-05-07 18:08:16] com.dangdang.usercontroller.service.impl.UserServiceImpl [76] - 测试保存用户设备信息：AndroidMessagePro(systemLanguage=测试, systemVersion=测试, systemModel=测试, deviceBrand=测试, imei=测试, uniqueID=测试, BuildVersionSdk=测试, BuildType=测试, Hardware=测试, BuildUser=测试, BuildVersionRelease=测试, ProductDevice=测试, BuildVersionCodename=测试, BuildTags=测试, ProductManufacturer=测试, ProductModel=测试, BuildFingerprint=测试, ProductBrand=测试, ProductName=测试, BuildVersionIncremental=测试, BuildHost=测试, BuildId=测试, BuildDateUtc=测试, BuildDisplayId=测试, Serialno=测试, ProductBoard=测试, ClickTime=shijian, UserId=userid, UpId=upid)
[ INFO ] [2020-05-07 18:08:16] org.springframework.amqp.rabbit.connection.CachingConnectionFactory [524] - Attempting to connect to: [47.100.161.10:5672]
[ INFO ] [2020-05-07 18:08:16] org.springframework.amqp.rabbit.connection.CachingConnectionFactory [497] - Created new connection: rabbitConnectionFactory#73c9e8e8:0/SimpleConnection@613bc968 [delegate=amqp://songxuan@47.100.161.10:5672/, localPort= 64404]
[ INFO ] [2020-05-07 18:09:27] com.dangdang.usercontroller.service.impl.UserServiceImpl [76] - 测试保存用户设备信息：AndroidMessagePro(systemLanguage=测试, systemVersion=测试, systemModel=测试, deviceBrand=测试, imei=测试, uniqueID=测试, BuildVersionSdk=测试, BuildType=测试, Hardware=测试, BuildUser=测试, BuildVersionRelease=测试, ProductDevice=测试, BuildVersionCodename=测试, BuildTags=测试, ProductManufacturer=测试, ProductModel=测试, BuildFingerprint=测试, ProductBrand=测试, ProductName=测试, BuildVersionIncremental=测试, BuildHost=测试, BuildId=测试, BuildDateUtc=测试, BuildDisplayId=测试, Serialno=测试, ProductBoard=测试, ClickTime=shijian, UserId=userid, UpId=upid)
[ INFO ] [2020-05-07 18:11:05] com.dangdang.usercontroller.service.impl.UserServiceImpl [76] - 测试保存用户设备信息：AndroidMessagePro(systemLanguage=测试, systemVersion=测试, systemModel=测试, deviceBrand=测试, imei=测试, uniqueID=测试, BuildVersionSdk=测试, BuildType=测试, Hardware=测试, BuildUser=测试, BuildVersionRelease=测试, ProductDevice=测试, BuildVersionCodename=测试, BuildTags=测试, ProductManufacturer=测试, ProductModel=测试, BuildFingerprint=测试, ProductBrand=测试, ProductName=测试, BuildVersionIncremental=测试, BuildHost=测试, BuildId=测试, BuildDateUtc=测试, BuildDisplayId=测试, Serialno=测试, ProductBoard=测试, ClickTime=shijian, UserId=userid, UpId=upid)
[ INFO ] [2020-05-07 18:13:54] com.dangdang.usercontroller.service.impl.UserServiceImpl [76] - 测试保存用户设备信息：AndroidMessagePro(systemLanguage=测试, systemVersion=测试, systemModel=测试, deviceBrand=测试, imei=测试, uniqueID=测试, BuildVersionSdk=测试, BuildType=测试, Hardware=测试, BuildUser=测试, BuildVersionRelease=测试, ProductDevice=测试, BuildVersionCodename=测试, BuildTags=测试, ProductManufacturer=测试, ProductModel=测试, BuildFingerprint=测试, ProductBrand=测试, ProductName=测试, BuildVersionIncremental=测试, BuildHost=测试, BuildId=测试, BuildDateUtc=测试, BuildDisplayId=测试, Serialno=测试, ProductBoard=测试, ClickTime=shijian, UserId=userid, UpId=upid)
[ INFO ] [2020-05-07 18:15:20] com.dangdang.usercontroller.service.impl.UserServiceImpl [76] - 测试保存用户设备信息：AndroidMessagePro(systemLanguage=测试, systemVersion=测试, systemModel=测试, deviceBrand=测试, imei=测试, uniqueID=测试, BuildVersionSdk=测试, BuildType=测试, Hardware=测试, BuildUser=测试, BuildVersionRelease=测试, ProductDevice=测试, BuildVersionCodename=测试, BuildTags=测试, ProductManufacturer=测试, ProductModel=测试, BuildFingerprint=测试, ProductBrand=测试, ProductName=测试, BuildVersionIncremental=测试, BuildHost=测试, BuildId=测试, BuildDateUtc=测试, BuildDisplayId=测试, Serialno=测试, ProductBoard=测试, ClickTime=shijian, UserId=userid, UpId=upid)
[ INFO ] [2020-05-07 18:17:07] com.dangdang.usercontroller.service.impl.UserServiceImpl [76] - 测试保存用户设备信息：AndroidMessagePro(systemLanguage=测试, systemVersion=测试, systemModel=测试, deviceBrand=测试, imei=测试, uniqueID=测试, BuildVersionSdk=测试, BuildType=测试, Hardware=测试, BuildUser=测试, BuildVersionRelease=测试, ProductDevice=测试, BuildVersionCodename=测试, BuildTags=测试, ProductManufacturer=测试, ProductModel=测试, BuildFingerprint=测试, ProductBrand=测试, ProductName=测试, BuildVersionIncremental=测试, BuildHost=测试, BuildId=测试, BuildDateUtc=测试, BuildDisplayId=测试, Serialno=测试, ProductBoard=测试, ClickTime=shijian, UserId=userid, UpId=upid)
[ INFO ] [2020-05-07 18:18:45] com.dangdang.usercontroller.UsercontrollerApplication [55] - Starting UsercontrollerApplication on PC-20200331AHEJ with PID 4088 (D:\workspace\qudiandian\usercontroller\target\classes started by Administrator in D:\workspace\qudiandian\usercontroller)
[ INFO ] [2020-05-07 18:18:45] com.dangdang.usercontroller.UsercontrollerApplication [651] - No active profile set, falling back to default profiles: default
[ INFO ] [2020-05-07 18:18:46] org.springframework.data.repository.config.RepositoryConfigurationDelegate [249] - Multiple Spring Data modules found, entering strict repository configuration mode!
[ INFO ] [2020-05-07 18:18:46] org.springframework.data.repository.config.RepositoryConfigurationDelegate [127] - Bootstrapping Spring Data Redis repositories in DEFAULT mode.
[ INFO ] [2020-05-07 18:18:46] org.springframework.data.repository.config.RepositoryConfigurationDelegate [187] - Finished Spring Data repository scanning in 16ms. Found 0 Redis repository interfaces.
[ INFO ] [2020-05-07 18:18:47] org.springframework.boot.web.embedded.tomcat.TomcatWebServer [92] - Tomcat initialized with port(s): 8080 (http)
[ INFO ] [2020-05-07 18:18:47] org.apache.coyote.http11.Http11NioProtocol [173] - Initializing ProtocolHandler ["http-nio-8080"]
[ INFO ] [2020-05-07 18:18:47] org.apache.catalina.core.StandardService [173] - Starting service [Tomcat]
[ INFO ] [2020-05-07 18:18:47] org.apache.catalina.core.StandardEngine [173] - Starting Servlet engine: [Apache Tomcat/9.0.33]
[ INFO ] [2020-05-07 18:18:47] org.apache.catalina.core.ContainerBase.[Tomcat].[localhost].[/] [173] - Initializing Spring embedded WebApplicationContext
[ INFO ] [2020-05-07 18:18:47] org.springframework.web.context.ContextLoader [284] - Root WebApplicationContext: initialization completed in 1616 ms
[ INFO ] [2020-05-07 18:18:48] org.springframework.scheduling.concurrent.ThreadPoolTaskExecutor [181] - Initializing ExecutorService 'applicationTaskExecutor'
[ INFO ] [2020-05-07 18:18:48] org.apache.coyote.http11.Http11NioProtocol [173] - Starting ProtocolHandler ["http-nio-8080"]
[ INFO ] [2020-05-07 18:18:48] org.springframework.boot.web.embedded.tomcat.TomcatWebServer [204] - Tomcat started on port(s): 8080 (http) with context path ''
[ INFO ] [2020-05-07 18:18:48] com.dangdang.usercontroller.UsercontrollerApplication [61] - Started UsercontrollerApplication in 3.242 seconds (JVM running for 4.061)
[ INFO ] [2020-05-07 18:19:07] org.apache.catalina.core.ContainerBase.[Tomcat].[localhost].[/] [173] - Initializing Spring DispatcherServlet 'dispatcherServlet'
[ INFO ] [2020-05-07 18:19:07] org.springframework.web.servlet.DispatcherServlet [525] - Initializing Servlet 'dispatcherServlet'
[ INFO ] [2020-05-07 18:19:07] org.springframework.web.servlet.DispatcherServlet [547] - Completed initialization in 8 ms
[ INFO ] [2020-05-07 18:19:07] com.dangdang.usercontroller.service.impl.UserServiceImpl [76] - 测试保存用户设备信息测试：AndroidMessagePro(systemLanguage=测试, systemVersion=测试, systemModel=测试, deviceBrand=测试, imei=测试, uniqueID=测试, BuildVersionSdk=测试, BuildType=测试, Hardware=测试, BuildUser=测试, BuildVersionRelease=测试, ProductDevice=测试, BuildVersionCodename=测试, BuildTags=测试, ProductManufacturer=测试, ProductModel=测试, BuildFingerprint=测试, ProductBrand=测试, ProductName=测试, BuildVersionIncremental=测试, BuildHost=测试, BuildId=测试, BuildDateUtc=测试, BuildDisplayId=测试, Serialno=测试, ProductBoard=测试, ClickTime=shijian, UserId=userid, UpId=upid)
[ INFO ] [2020-05-07 18:19:07] org.springframework.amqp.rabbit.connection.CachingConnectionFactory [524] - Attempting to connect to: [47.100.161.10:5672]
[ INFO ] [2020-05-07 18:19:07] org.springframework.amqp.rabbit.connection.CachingConnectionFactory [497] - Created new connection: rabbitConnectionFactory#323f3c96:0/SimpleConnection@49cffe70 [delegate=amqp://songxuan@47.100.161.10:5672/, localPort= 64842]
[ INFO ] [2020-05-07 18:20:24] com.dangdang.usercontroller.service.impl.UserServiceImpl [76] - 测试保存用户设备信息测试：AndroidMessagePro(systemLanguage=测试, systemVersion=测试, systemModel=测试, deviceBrand=测试, imei=测试, uniqueID=测试, BuildVersionSdk=测试, BuildType=测试, Hardware=测试, BuildUser=测试, BuildVersionRelease=测试, ProductDevice=测试, BuildVersionCodename=测试, BuildTags=测试, ProductManufacturer=测试, ProductModel=测试, BuildFingerprint=测试, ProductBrand=测试, ProductName=测试, BuildVersionIncremental=测试, BuildHost=测试, BuildId=测试, BuildDateUtc=测试, BuildDisplayId=测试, Serialno=测试, ProductBoard=测试, ClickTime=shijian, UserId=userid, UpId=upid)
[ INFO ] [2020-05-07 18:23:17] com.dangdang.usercontroller.service.impl.UserServiceImpl [76] - 测试保存用户设备信息测试：AndroidMessagePro(systemLanguage=测试, systemVersion=测试, systemModel=测试, deviceBrand=测试, imei=测试, uniqueID=测试, BuildVersionSdk=测试, BuildType=测试, Hardware=测试, BuildUser=测试, BuildVersionRelease=测试, ProductDevice=测试, BuildVersionCodename=测试, BuildTags=测试, ProductManufacturer=测试, ProductModel=测试, BuildFingerprint=测试, ProductBrand=测试, ProductName=测试, BuildVersionIncremental=测试, BuildHost=测试, BuildId=测试, BuildDateUtc=测试, BuildDisplayId=测试, Serialno=测试, ProductBoard=测试, ClickTime=shijian, UserId=userid, UpId=upid)
[ INFO ] [2020-05-07 18:24:30] com.dangdang.usercontroller.service.impl.UserServiceImpl [59] - 保存用户设备信息pro：AndroidMessagePro(systemLanguage=测试, systemVersion=测试, systemModel=测试, deviceBrand=测试, imei=测试, uniqueID=测试, BuildVersionSdk=测试, BuildType=测试, Hardware=测试, BuildUser=测试, BuildVersionRelease=测试, ProductDevice=测试, BuildVersionCodename=测试, BuildTags=测试, ProductManufacturer=测试, ProductModel=测试, BuildFingerprint=测试, ProductBrand=测试, ProductName=测试, BuildVersionIncremental=测试, BuildHost=测试, BuildId=测试, BuildDateUtc=测试, BuildDisplayId=测试, Serialno=测试, ProductBoard=测试, ClickTime=shijian, UserId=userid, UpId=upid)
